#
# There is insufficient memory for the Java Runtime Environment to continue.
# Native memory allocation (mmap) failed to map 134217728 bytes for G1 virtual space
# Possible reasons:
#   The system is out of physical RAM or swap space
#   The process is running with CompressedOops enabled, and the Java Heap may be blocking the growth of the native heap
# Possible solutions:
#   Reduce memory load on the system
#   Increase physical memory or swap space
#   Check if swap backing store is full
#   Decrease Java heap size (-Xmx/-Xms)
#   Decrease number of Java threads
#   Decrease Java thread stack sizes (-Xss)
#   Set larger code cache with -XX:ReservedCodeCacheSize=
#   JVM is running with Unscaled Compressed Oops mode in which the Java heap is
#     placed in the first 4GB address space. The Java Heap base address is the
#     maximum limit for the native heap growth. Please use -XX:HeapBaseMinAddress
#     to set the Java Heap base and to place the Java Heap above 4GB virtual address.
# This output file may be truncated or incomplete.
#
#  Out of Memory Error (os_windows.cpp:3528), pid=6808, tid=9188
#
# JRE version:  (20.0.2+9) (build )
# Java VM: Java HotSpot(TM) 64-Bit Server VM (20.0.2+9-78, mixed mode, sharing, tiered, compressed oops, compressed class ptrs, g1 gc, windows-amd64)
# No core dump will be written. Minidumps are not enabled by default on client versions of Windows
#

---------------  S U M M A R Y ------------

Command Line: SoalNo5

Host: Intel(R) Core(TM) i7-6700HQ CPU @ 2.60GHz, 8 cores, 7G,  Windows 10 , 64 bit Build 18362 (10.0.18362.329)
Time: Sun Sep 10 16:24:40 2023 SE Asia Standard Time elapsed time: 0.010636 seconds (0d 0h 0m 0s)

---------------  T H R E A D  ---------------

Current thread (0x000002581ae00ed0):  JavaThread "Unknown thread" [_thread_in_vm, id=9188, stack(0x00000075acb00000,0x00000075acc00000)]

Stack: [0x00000075acb00000,0x00000075acc00000]
Native frames: (J=compiled Java code, j=interpreted, Vv=VM code, C=native code)
V  [jvm.dll+0x6bc25a]
V  [jvm.dll+0x84971a]
V  [jvm.dll+0x84b315]
V  [jvm.dll+0x84ba13]
V  [jvm.dll+0x280e4f]
V  [jvm.dll+0x6b8fe9]
V  [jvm.dll+0x6adbca]
V  [jvm.dll+0x35b165]
V  [jvm.dll+0x363386]
V  [jvm.dll+0x3b400e]
V  [jvm.dll+0x3b4295]
V  [jvm.dll+0x32b86a]
V  [jvm.dll+0x32c68b]
V  [jvm.dll+0x8123df]
V  [jvm.dll+0x3c1261]
V  [jvm.dll+0x7fe103]
V  [jvm.dll+0x44ccaf]
V  [jvm.dll+0x44e621]
C  [jli.dll+0x5287]
C  [ucrtbase.dll+0x20e72]
C  [KERNEL32.DLL+0x17bd4]
C  [ntdll.dll+0x6ced1]


---------------  P R O C E S S  ---------------

Threads class SMR info:
_java_thread_list=0x00007ffa187cb118, length=0, elements={
}

Java Threads: ( => current thread )

Other Threads:
  0x000002581ae60940 WorkerThread "GC Thread#0" [stack: 0x00000075acc00000,0x00000075acd00000] [id=14924]
  0x000002581ae72330 ConcurrentGCThread "G1 Main Marker" [stack: 0x00000075acd00000,0x00000075ace00000] [id=11756]
  0x000002581ae72d10 WorkerThread "G1 Conc#0" [stack: 0x00000075ace00000,0x00000075acf00000] [id=6800]

[error occurred during error reporting (printing all threads), id 0xc0000005, EXCEPTION_ACCESS_VIOLATION (0xc0000005) at pc=0x00007ffa17faeea7]
VM state: not at safepoint (not fully initialized)

VM Mutex/Monitor currently owned by a thread:  ([mutex/lock_event])
[0x000002581adfd6b0] Heap_lock - owner thread: 0x000002581ae00ed0

Heap address: 0x0000000081a00000, size: 2022 MB, Compressed Oops mode: 32-bit

CDS archive(s) mapped at: [0x0000000000000000-0x0000000000000000-0x0000000000000000), size 0, SharedBaseAddress: 0x0000000800000000, ArchiveRelocationMode: 1.
Narrow klass base: 0x0000000000000000, Narrow klass shift: 0, Narrow klass range: 0x0

GC Precious Log:
 CardTable entry size: 512
 Card Set container configuration: InlinePtr #cards 5 size 8 Array Of Cards #cards 12 size 40 Howl #buckets 4 coarsen threshold 1843 Howl Bitmap #cards 512 size 80 coarsen threshold 460 Card regions per heap region 1 cards per card region 2048

Heap:
 garbage-first heap   total 0K, used 0K [0x0000000081a00000, 0x0000000100000000)
  region size 1024K, 0 young (0K), 0 survivors (0K)

[error occurred during error reporting (printing heap information), id 0xc0000005, EXCEPTION_ACCESS_VIOLATION (0xc0000005) at pc=0x00007ffa183847b9]
GC Heap History (0 events):
No events

Dll operation events (1 events):
Event: 0.006 Loaded shared library C:\Program Files\Java\jdk-20\bin\java.dll

Deoptimization events (0 events):
No events

Classes loaded (0 events):
No events

Classes unloaded (0 events):
No events

Classes redefined (0 events):
No events

Internal exceptions (0 events):
No events

VM Operations (0 events):
No events

Events (0 events):
No events


Dynamic libraries:
0x00007ff77ddf0000 - 0x00007ff77de00000 	C:\Program Files\Java\jdk-20\bin\java.exe
0x00007ffa947a0000 - 0x00007ffa94990000 	C:\Windows\SYSTEM32\ntdll.dll
0x00007ffa929b0000 - 0x00007ffa92a62000 	C:\Windows\System32\KERNEL32.DLL
0x00007ffa91ba0000 - 0x00007ffa91e43000 	C:\Windows\System32\KERNELBASE.dll
0x00007ffa918e0000 - 0x00007ffa919da000 	C:\Windows\System32\ucrtbase.dll
0x00007ffa8d400000 - 0x00007ffa8d419000 	C:\Program Files\Java\jdk-20\bin\jli.dll
0x00007ffa864c0000 - 0x00007ffa864db000 	C:\Program Files\Java\jdk-20\bin\VCRUNTIME140.dll
0x00007ffa92a70000 - 0x00007ffa92b13000 	C:\Windows\System32\ADVAPI32.dll
0x00007ffa93200000 - 0x00007ffa9329e000 	C:\Windows\System32\msvcrt.dll
0x00007ffa93050000 - 0x00007ffa930e7000 	C:\Windows\System32\sechost.dll
0x00007ffa94640000 - 0x00007ffa94760000 	C:\Windows\System32\RPCRT4.dll
0x00007ffa932a0000 - 0x00007ffa93434000 	C:\Windows\System32\USER32.dll
0x00007ffa78b40000 - 0x00007ffa78dc5000 	C:\Windows\WinSxS\amd64_microsoft.windows.common-controls_6595b64144ccf1df_6.0.18362.418_none_e6c6b287130d565d\COMCTL32.dll
0x00007ffa91730000 - 0x00007ffa91751000 	C:\Windows\System32\win32u.dll
0x00007ffa92d10000 - 0x00007ffa93046000 	C:\Windows\System32\combase.dll
0x00007ffa931d0000 - 0x00007ffa931f6000 	C:\Windows\System32\GDI32.dll
0x00007ffa92680000 - 0x00007ffa92814000 	C:\Windows\System32\gdi32full.dll
0x00007ffa91760000 - 0x00007ffa917e0000 	C:\Windows\System32\bcryptPrimitives.dll
0x00007ffa917e0000 - 0x00007ffa9187e000 	C:\Windows\System32\msvcp_win.dll
0x00007ffa89c30000 - 0x00007ffa89c3a000 	C:\Windows\SYSTEM32\VERSION.dll
0x00007ffa92ba0000 - 0x00007ffa92bce000 	C:\Windows\System32\IMM32.DLL
0x00007ffa864b0000 - 0x00007ffa864bc000 	C:\Program Files\Java\jdk-20\bin\vcruntime140_1.dll
0x00007ffa5a790000 - 0x00007ffa5a81e000 	C:\Program Files\Java\jdk-20\bin\msvcp140.dll
0x00007ffa17c70000 - 0x00007ffa18908000 	C:\Program Files\Java\jdk-20\bin\server\jvm.dll
0x00007ffa8dfb0000 - 0x00007ffa8dfd4000 	C:\Windows\SYSTEM32\WINMM.dll
0x00007ffa756a0000 - 0x00007ffa756a9000 	C:\Windows\SYSTEM32\WSOCK32.dll
0x00007ffa94420000 - 0x00007ffa9448f000 	C:\Windows\System32\WS2_32.dll
0x00007ffa8df80000 - 0x00007ffa8dfad000 	C:\Windows\SYSTEM32\winmmbase.dll
0x00007ffa91b50000 - 0x00007ffa91b9a000 	C:\Windows\System32\cfgmgr32.dll
0x00007ffa91680000 - 0x00007ffa91691000 	C:\Windows\System32\kernel.appcore.dll
0x00007ffa6fba0000 - 0x00007ffa6fbaa000 	C:\Program Files\Java\jdk-20\bin\jimage.dll
0x00007ffa8fe30000 - 0x00007ffa90024000 	C:\Windows\SYSTEM32\DBGHELP.DLL
0x00007ffa7e630000 - 0x00007ffa7e65a000 	C:\Windows\SYSTEM32\dbgcore.DLL
0x00007ffa68070000 - 0x00007ffa68096000 	C:\Program Files\Java\jdk-20\bin\java.dll

dbghelp: loaded successfully - version: 4.0.5 - missing functions: none
symbol engine: initialized successfully - sym options: 0x614 - pdb path: .;C:\Program Files\Java\jdk-20\bin;C:\Windows\SYSTEM32;C:\Windows\WinSxS\amd64_microsoft.windows.common-controls_6595b64144ccf1df_6.0.18362.418_none_e6c6b287130d565d;C:\Program Files\Java\jdk-20\bin\server

VM Arguments:
java_command: SoalNo5
java_class_path (initial): C:\Users\ASUS\Documents\NetBeansProjects\soalNo5\target\classes
Launcher Type: SUN_STANDARD

[Global flags]
     intx CICompilerCount                          = 4                                         {product} {ergonomic}
     uint ConcGCThreads                            = 2                                         {product} {ergonomic}
     uint G1ConcRefinementThreads                  = 8                                         {product} {ergonomic}
   size_t G1HeapRegionSize                         = 1048576                                   {product} {ergonomic}
    uintx GCDrainStackTargetSize                   = 64                                        {product} {ergonomic}
   size_t InitialHeapSize                          = 134217728                                 {product} {ergonomic}
   size_t MarkStackSize                            = 4194304                                   {product} {ergonomic}
   size_t MaxHeapSize                              = 2120220672                                {product} {ergonomic}
   size_t MinHeapDeltaBytes                        = 1048576                                   {product} {ergonomic}
   size_t MinHeapSize                              = 8388608                                   {product} {ergonomic}
    uintx NonNMethodCodeHeapSize                   = 5839372                                {pd product} {ergonomic}
    uintx NonProfiledCodeHeapSize                  = 122909434                              {pd product} {ergonomic}
    uintx ProfiledCodeHeapSize                     = 122909434                              {pd product} {ergonomic}
    uintx ReservedCodeCacheSize                    = 251658240                              {pd product} {ergonomic}
     bool SegmentedCodeCache                       = true                                      {product} {ergonomic}
   size_t SoftMaxHeapSize                          = 2120220672                             {manageable} {ergonomic}
     bool UseCompressedClassPointers               = true                           {product lp64_product} {ergonomic}
     bool UseCompressedOops                        = true                           {product lp64_product} {ergonomic}
     bool UseG1GC                                  = true                                      {product} {ergonomic}
     bool UseLargePagesIndividualAllocation        = false                                  {pd product} {ergonomic}

Logging:
Log output configuration:
 #0: stdout all=warning uptime,level,tags foldmultilines=false
 #1: stderr all=off uptime,level,tags foldmultilines=false

Environment Variables:
JAVA_HOME=C:\Program Files\Java\jdk-20
PATH=D:\Oracle2\dbhomeXE\bin;C:\Program Files\Common Files\Oracle\Java\javapath;C:\Windows\system32;C:\Windows;C:\Windows\System32\Wbem;C:\Windows\System32\WindowsPowerShell\v1.0\;C:\Windows\System32\OpenSSH\;C:\Program Files (x86)\NVIDIA Corporation\PhysX\Common;C:\Program Files\PuTTY\;C:\Program Files\Git\cmd;C:\Program Files\dotnet\;C:\Program Files\nodejs\;D:\XAMPP\php;C:\ProgramData\ComposerSetup\bin;C:\Users\ASUS\AppData\Local\Microsoft\WindowsApps;C:\Program Files\Common Files\Oracle\Java\javapath\java.exe\bin;C:\Users\ASUS\AppData\Local\Programs\Microsoft VS Code\bin;C:\Users\ASUS\AppData\Local\GitHubDesktop\bin;C:\msys64\mingw64\bin;C:\Users\ASUS\AppData\Local\spicetify;C:\Users\ASUS\AppData\Roaming\npm;C:\Program Files\Java\jdk-20\bin;C:\Users\ASUS\AppData\Roaming\Composer\vendor\bin
USERNAME=ASUS
OS=Windows_NT
PROCESSOR_IDENTIFIER=Intel64 Family 6 Model 94 Stepping 3, GenuineIntel
TMP=C:\Users\ASUS\AppData\Local\Temp
TEMP=C:\Users\ASUS\AppData\Local\Temp




---------------  S Y S T E M  ---------------

OS:
 Windows 10 , 64 bit Build 18362 (10.0.18362.329)
OS uptime: 1 days 3:10 hours

CPU: total 8 (initial active 8) (4 cores per cpu, 2 threads per core) family 6 model 94 stepping 3 microcode 0xc6, cx8, cmov, fxsr, ht, mmx, 3dnowpref, sse, sse2, sse3, ssse3, sse4.1, sse4.2, popcnt, lzcnt, tsc, tscinvbit, avx, avx2, aes, erms, clmul, bmi1, bmi2, rtm, adx, fma, vzeroupper, clflush, clflushopt, rdtscp, f16c

Memory: 4k page, system-wide physical 8084M (1593M free)
TotalPageFile size 13165M (AvailPageFile size 128M)
current process WorkingSet (physical memory assigned to process): 10M, peak: 10M
current process commit charge ("private bytes"): 60M, peak: 188M

vm_info: Java HotSpot(TM) 64-Bit Server VM (20.0.2+9-78) for windows-amd64 JRE (20.0.2+9-78), built on 2023-06-14T10:08:48Z by "mach5one" with MS VC++ 17.1 (VS2022)

END.
